/**********************
* change log
* @version v1.0.0
* @author:Mad
* @QQ:1823737636
**********************/

v0.6.XX12 @2017.11.22
* 修改数据流管理，设备影子管理搜索项
* 数据流，镜像创建成功页面调整
* 设备详情里的状态历史列表加分页排序
* fix bug: LDPIOT-40，LDPIOT-49，LDPIOT-65，LDPIOT-67，LDPIOT-68，LDPIOT-69，LDPIOT-72，LDPIOT-73，LDPIOT-75，LDPIOT-78

v0.6.XX13 @2017.11.23
+ 给登录页加版本号
* 网关设备管理，数据流管理，设备镜像管理删除将网关设备ID提示改为网关设备名称
* 设备详情里的软件历史列表加分页排序
* fix bug: LDPIOT-82，LDPIOT-76，LDPIOT-80，LDPIOT-74，LDPIOT-73，LDPIOT-81

v0.6.XX14 @2017.11.24
+ 登录页判断用户未退出直接跳转到相应页面
+ 统一判断接口无权限访问403问题跳转无权限页面
+ 统一权限名称调用位置
* 修改密码页面按钮加多次点击禁用
* fix bug:LDPIOT-79,LDPIOT-70,LDPIOT-59

v0.6.XX15 @2017.11.27
* fix bug:LDPIOT-88,LDPIOT-86,LDPIOT-71,LDPIOT-92,LDPIOT-94,LDPIOT-89,LDPIOT-90,LDPIOT-60,LDPIOT-66

v0.6.XX16 @2017.11.28
* 修改密码没有返回值时不开始倒计时
+ 服务器返回错误时提示以及页面展示
+ 数据流详情中数据发送量详情
* fix bug:LDPIOT-83,LDPIOT-71,LDPIOT-92,LDPIOT-46,LDPIOT-88,LDPIOT-95

v0.6.XX17 @2017.11.29
* 网关设备详情处理模块信息数据流为<无>或者N/A时启动暂停按钮置灰
* 网关设备详情数据量的发送量修改为发送量/已丢弃
* fix bug:LDPIOT-84,LDPIOT-51,LDPIOT-98

v0.7.XX18 @2017.11.30
* 数据流详情数据发送量详情弹窗宽高修改
+ 设备重启按钮
+ 增加处理模块类型
+ 给创建处理模块列表加暂无数据

v0.7.XX18 @2017.12.01
+ 批量导入网关设备
* fix bug:LDPIOT-100

v0.7.XX18 @2017.12.05
* 提示语界面显示问题
+ 数据流创建第一步，选择设备无模块时添加提示

v0.7.XX18 @2017.12.07
* fix bug:LDPIOT-106,LDPIOT-107,LDPIOT-63,LDPIOT-115,LDPIOT-114,LDPIOT-113

v0.7.XX18 @2017.12.08
+ 给filter列表,map列表加暂无数据
+ 给map列表加删除提示
* 所有分页列表全部删除不显示暂无数据问题
* fix bug:LDPIOT-21,LDPIOT-119,LDPIOT-116,LDPIOT-108	

v0.7.XX18 @2017.12.11
+ 处理模块上传文件多文件上传

v0.7.XX19 @2017.12.12
+ 批量导入上传，处理模块上传文件按钮bug
+ 完成本版本创建处理模块功能
* 网关设备管理搜索版本从后台动态获取
* 网关设备详情布局微调
* fix bug:LDPIOT-118

v0.8.XX20 @2017.12.13
* 网关设备管理搜索版本从后台动态获取
+ 网关设备管理详情增加处理模块功能,列表，详情，单选下发
+ 登录页布局去掉固定定位改为小窗口可滚动

v0.8.XX20 @2017.12.15
* 关联搜索框创建

v0.8.XX21 @2017.12.18
* 处理模块安装界面全选框修改
* 处理模块安装界面无选择按钮置灰
+ 处理模块安装界面下发后列表提示下发状态及错误信息
* 部分输入框样式优化
* 网关设备详情增加处理模块下发后增加错误信息提示语

v0.8.XX22 @2018.1.11
* 修改添加设备镜像bug


